TN:
SF:src/db.ts
FNF:0
FNH:0
DA:1,5
DA:3,5
DA:10,5
LF:3
LH:3
BRDA:4,0,0,5
BRDA:4,0,1,5
BRDA:5,1,0,5
BRDA:5,1,1,5
BRDA:6,2,0,5
BRDA:6,2,1,5
BRDA:7,3,0,5
BRDA:7,3,1,5
BRF:8
BRH:8
end_of_record
TN:
SF:src/helpers/csvReader.ts
FN:6,csvReader
FN:17,(anonymous_2)
FN:29,(anonymous_3)
FNF:3
FNH:0
FNDA:0,csvReader
FNDA:0,(anonymous_2)
FNDA:0,(anonymous_3)
DA:1,1
DA:8,0
DA:11,0
DA:12,0
DA:13,0
DA:17,0
DA:18,0
DA:19,0
DA:21,0
DA:22,0
DA:23,0
DA:25,0
DA:29,0
DA:31,0
DA:32,0
DA:34,0
DA:38,1
LF:17
LH:2
BRDA:12,0,0,0
BRDA:18,1,0,0
BRDA:22,2,0,0
BRDA:22,3,0,0
BRDA:22,3,1,0
BRDA:31,4,0,0
BRF:6
BRH:0
end_of_record
TN:
SF:src/models/pack.model.ts
FN:4,allPacks
FNF:1
FNH:1
FNDA:1,allPacks
DA:1,2
DA:5,1
DA:6,1
DA:10,2
LF:4
LH:4
BRF:0
BRH:0
end_of_record
TN:
SF:src/models/products.model.ts
FN:4,allProducts
FN:9,updateProduct
FNF:2
FNH:2
FNDA:1,allProducts
FNDA:1,updateProduct
DA:1,3
DA:5,1
DA:6,1
DA:10,1
DA:11,1
DA:15,3
LF:6
LH:6
BRF:0
BRH:0
end_of_record
TN:
SF:src/services/products.service.ts
FN:4,allProducts
FNF:1
FNH:1
FNDA:1,allProducts
DA:1,1
DA:2,1
DA:4,1
DA:5,1
DA:6,1
LF:5
LH:5
BRF:0
BRH:0
end_of_record
TN:
SF:src/services/validateCsv.service.ts
FN:7,(anonymous_15)
FN:7,(anonymous_16)
FN:22,(anonymous_17)
FN:39,(anonymous_18)
FN:66,(anonymous_19)
FN:68,(anonymous_20)
FN:71,(anonymous_21)
FN:72,(anonymous_22)
FNF:8
FNH:8
FNDA:4,(anonymous_15)
FNDA:4,(anonymous_16)
FNDA:3,(anonymous_17)
FNDA:1,(anonymous_18)
FNDA:1,(anonymous_19)
FNDA:1,(anonymous_20)
FNDA:1,(anonymous_21)
FNDA:1,(anonymous_22)
DA:1,1
DA:2,1
DA:4,1
DA:5,1
DA:7,4
DA:8,4
DA:9,4
DA:10,4
DA:12,4
DA:16,4
DA:20,4
DA:21,12
DA:22,4
DA:24,4
DA:25,1
DA:26,1
DA:28,3
DA:29,1
DA:30,1
DA:32,2
DA:33,2
DA:34,2
DA:35,2
DA:36,1
DA:37,1
DA:39,1
DA:41,1
DA:42,1
DA:54,0
DA:65,1
DA:66,1
DA:68,1
DA:70,1
DA:71,1
DA:72,1
DA:74,1
DA:75,1
DA:76,1
DA:79,1
DA:80,0
DA:91,0
DA:94,1
DA:96,4
LF:43
LH:40
BRDA:24,0,0,1
BRDA:28,1,0,1
BRDA:35,2,0,1
BRDA:35,3,0,2
BRDA:35,3,1,2
BRDA:41,4,0,1
BRDA:41,4,1,0
BRDA:47,5,0,0
BRDA:47,5,1,1
BRDA:47,6,0,1
BRDA:47,6,1,1
BRDA:65,7,0,1
BRDA:74,8,0,1
BRDA:75,9,0,1
BRDA:75,9,1,0
BRDA:79,10,0,0
BRDA:79,11,0,1
BRDA:79,11,1,0
BRF:18
BRH:13
end_of_record
TN:
SF:src/services/functions/packInRequisition.ts
FN:3,processPackAsProduct
FN:9,(anonymous_9)
FN:10,(anonymous_10)
FN:11,(anonymous_11)
FN:13,(anonymous_12)
FN:18,(anonymous_13)
FN:20,(anonymous_14)
FNF:7
FNH:0
FNDA:0,processPackAsProduct
FNDA:0,(anonymous_9)
FNDA:0,(anonymous_10)
FNDA:0,(anonymous_11)
FNDA:0,(anonymous_12)
FNDA:0,(anonymous_13)
FNDA:0,(anonymous_14)
DA:3,1
DA:9,0
DA:10,0
DA:11,0
DA:13,0
DA:15,0
DA:16,0
DA:18,0
DA:19,0
DA:20,0
DA:21,0
DA:22,0
DA:23,0
LF:13
LH:1
BRDA:15,0,0,0
BRDA:16,1,0,0
BRDA:16,1,1,0
BRDA:16,2,0,0
BRDA:16,2,1,0
BRDA:16,3,0,0
BRDA:16,3,1,0
BRDA:16,4,0,0
BRDA:16,4,1,0
BRDA:19,5,0,0
BRDA:21,6,0,0
BRF:11
BRH:0
end_of_record
TN:
SF:src/utils/serviceResponse.ts
FNF:0
FNH:0
DA:1,1
DA:12,1
LF:2
LH:2
BRF:0
BRH:0
end_of_record
TN:
SF:src/utils/zodSchema.ts
FN:6,(anonymous_1)
FNF:1
FNH:0
FNDA:0,(anonymous_1)
DA:1,1
DA:3,1
DA:6,0
DA:11,1
LF:4
LH:3
BRDA:6,0,0,0
BRDA:6,0,1,0
BRF:2
BRH:0
end_of_record
