{"/home/avnerh/z-studies/tecnic_test_study/shopper-ts-backend/src/db.ts": {"path":"/home/avnerh/z-studies/tecnic_test_study/shopper-ts-backend/src/db.ts","statementMap":{"0":{"start":{"line":1,"column":0},"end":{"line":1,"column":40}},"1":{"start":{"line":3,"column":19},"end":{"line":8,"column":2}},"2":{"start":{"line":10,"column":0},"end":{"line":10,"column":26}}},"fnMap":{},"branchMap":{"0":{"loc":{"start":{"line":4,"column":10},"end":{"line":4,"column":47}},"type":"binary-expr","locations":[{"start":{"line":4,"column":10},"end":{"line":4,"column":32}},{"start":{"line":4,"column":36},"end":{"line":4,"column":47}}]},"1":{"loc":{"start":{"line":5,"column":10},"end":{"line":5,"column":42}},"type":"binary-expr","locations":[{"start":{"line":5,"column":10},"end":{"line":5,"column":32}},{"start":{"line":5,"column":36},"end":{"line":5,"column":42}}]},"2":{"loc":{"start":{"line":6,"column":14},"end":{"line":6,"column":50}},"type":"binary-expr","locations":[{"start":{"line":6,"column":14},"end":{"line":6,"column":40}},{"start":{"line":6,"column":44},"end":{"line":6,"column":50}}]},"3":{"loc":{"start":{"line":7,"column":14},"end":{"line":7,"column":49}},"type":"binary-expr","locations":[{"start":{"line":7,"column":14},"end":{"line":7,"column":34}},{"start":{"line":7,"column":38},"end":{"line":7,"column":49}}]}},"s":{"0":1,"1":1,"2":1},"f":{},"b":{"0":[1,1],"1":[1,1],"2":[1,1],"3":[1,1]}}
,"/home/avnerh/z-studies/tecnic_test_study/shopper-ts-backend/src/models/products.model.ts": {"path":"/home/avnerh/z-studies/tecnic_test_study/shopper-ts-backend/src/models/products.model.ts","statementMap":{"0":{"start":{"line":1,"column":0},"end":{"line":1,"column":31}},"1":{"start":{"line":5,"column":23},"end":{"line":5,"column":73}},"2":{"start":{"line":6,"column":4},"end":{"line":6,"column":35}},"3":{"start":{"line":10,"column":22},"end":{"line":10,"column":95}},"4":{"start":{"line":11,"column":4},"end":{"line":11,"column":19}},"5":{"start":{"line":15,"column":22},"end":{"line":15,"column":118}},"6":{"start":{"line":16,"column":4},"end":{"line":16,"column":19}},"7":{"start":{"line":20,"column":0},"end":{"line":24,"column":null}}},"fnMap":{"0":{"name":"allProducts","decl":{"start":{"line":4,"column":15},"end":{"line":4,"column":26}},"loc":{"start":{"line":4,"column":26},"end":{"line":7,"column":null}}},"1":{"name":"findProduct","decl":{"start":{"line":9,"column":15},"end":{"line":9,"column":26}},"loc":{"start":{"line":9,"column":39},"end":{"line":12,"column":null}}},"2":{"name":"updateProduct","decl":{"start":{"line":14,"column":15},"end":{"line":14,"column":28}},"loc":{"start":{"line":14,"column":59},"end":{"line":17,"column":null}}}},"branchMap":{},"s":{"0":1,"1":1,"2":1,"3":1,"4":1,"5":1,"6":1,"7":1},"f":{"0":1,"1":1,"2":1},"b":{}}
,"/home/avnerh/z-studies/tecnic_test_study/shopper-ts-backend/src/utils/zodSchema.ts": {"path":"/home/avnerh/z-studies/tecnic_test_study/shopper-ts-backend/src/utils/zodSchema.ts","statementMap":{"0":{"start":{"line":1,"column":0},"end":{"line":1,"column":20}},"1":{"start":{"line":3,"column":13},"end":{"line":9,"column":3}},"2":{"start":{"line":6,"column":42},"end":{"line":6,"column":79}},"3":{"start":{"line":11,"column":13},"end":{"line":11,"column":57}}},"fnMap":{"0":{"name":"(anonymous_1)","decl":{"start":{"line":6,"column":33},"end":{"line":6,"column":38}},"loc":{"start":{"line":6,"column":42},"end":{"line":6,"column":79}}}},"branchMap":{"0":{"loc":{"start":{"line":6,"column":42},"end":{"line":6,"column":79}},"type":"binary-expr","locations":[{"start":{"line":6,"column":42},"end":{"line":6,"column":61}},{"start":{"line":6,"column":65},"end":{"line":6,"column":79}}]}},"s":{"0":1,"1":1,"2":0,"3":1},"f":{"0":0},"b":{"0":[0,0]}}
}
