{"/home/avnerh/shopper-test/shopper-app-backend/src/db.ts": {"path":"/home/avnerh/shopper-test/shopper-app-backend/src/db.ts","statementMap":{"0":{"start":{"line":1,"column":0},"end":{"line":1,"column":40}},"1":{"start":{"line":3,"column":19},"end":{"line":8,"column":2}},"2":{"start":{"line":10,"column":0},"end":{"line":10,"column":26}}},"fnMap":{},"branchMap":{"0":{"loc":{"start":{"line":4,"column":10},"end":{"line":4,"column":47}},"type":"binary-expr","locations":[{"start":{"line":4,"column":10},"end":{"line":4,"column":32}},{"start":{"line":4,"column":36},"end":{"line":4,"column":47}}]},"1":{"loc":{"start":{"line":5,"column":10},"end":{"line":5,"column":42}},"type":"binary-expr","locations":[{"start":{"line":5,"column":10},"end":{"line":5,"column":32}},{"start":{"line":5,"column":36},"end":{"line":5,"column":42}}]},"2":{"loc":{"start":{"line":6,"column":14},"end":{"line":6,"column":50}},"type":"binary-expr","locations":[{"start":{"line":6,"column":14},"end":{"line":6,"column":40}},{"start":{"line":6,"column":44},"end":{"line":6,"column":50}}]},"3":{"loc":{"start":{"line":7,"column":14},"end":{"line":7,"column":49}},"type":"binary-expr","locations":[{"start":{"line":7,"column":14},"end":{"line":7,"column":34}},{"start":{"line":7,"column":38},"end":{"line":7,"column":49}}]}},"s":{"0":3,"1":3,"2":3},"f":{},"b":{"0":[3,3],"1":[3,3],"2":[3,3],"3":[3,3]}}
,"/home/avnerh/shopper-test/shopper-app-backend/src/models/pack.model.ts": {"path":"/home/avnerh/shopper-test/shopper-app-backend/src/models/pack.model.ts","statementMap":{"0":{"start":{"line":1,"column":0},"end":{"line":1,"column":31}},"1":{"start":{"line":5,"column":23},"end":{"line":5,"column":70}},"2":{"start":{"line":6,"column":4},"end":{"line":6,"column":34}},"3":{"start":{"line":10,"column":0},"end":{"line":12,"column":2}}},"fnMap":{"0":{"name":"allPacks","decl":{"start":{"line":4,"column":15},"end":{"line":4,"column":23}},"loc":{"start":{"line":4,"column":23},"end":{"line":8,"column":2}}}},"branchMap":{},"s":{"0":1,"1":1,"2":1,"3":1},"f":{"0":1},"b":{}}
,"/home/avnerh/shopper-test/shopper-app-backend/src/models/products.model.ts": {"path":"/home/avnerh/shopper-test/shopper-app-backend/src/models/products.model.ts","statementMap":{"0":{"start":{"line":1,"column":0},"end":{"line":1,"column":31}},"1":{"start":{"line":5,"column":23},"end":{"line":5,"column":73}},"2":{"start":{"line":6,"column":4},"end":{"line":6,"column":35}},"3":{"start":{"line":10,"column":22},"end":{"line":10,"column":118}},"4":{"start":{"line":11,"column":4},"end":{"line":11,"column":19}},"5":{"start":{"line":15,"column":0},"end":{"line":18,"column":null}}},"fnMap":{"0":{"name":"allProducts","decl":{"start":{"line":4,"column":15},"end":{"line":4,"column":26}},"loc":{"start":{"line":4,"column":26},"end":{"line":7,"column":null}}},"1":{"name":"updateProduct","decl":{"start":{"line":9,"column":15},"end":{"line":9,"column":28}},"loc":{"start":{"line":9,"column":59},"end":{"line":12,"column":null}}}},"branchMap":{},"s":{"0":2,"1":1,"2":1,"3":1,"4":1,"5":2},"f":{"0":1,"1":1},"b":{}}
,"/home/avnerh/shopper-test/shopper-app-backend/src/services/products.service.ts": {"path":"/home/avnerh/shopper-test/shopper-app-backend/src/services/products.service.ts","statementMap":{"0":{"start":{"line":1,"column":0},"end":{"line":1,"column":53}},"1":{"start":{"line":2,"column":0},"end":{"line":2,"column":55}},"2":{"start":{"line":5,"column":24},"end":{"line":5,"column":57}},"3":{"start":{"line":6,"column":4},"end":{"line":6,"column":66}},"4":{"start":{"line":4,"column":0},"end":{"line":4,"column":22}}},"fnMap":{"0":{"name":"allProducts","decl":{"start":{"line":4,"column":22},"end":{"line":4,"column":33}},"loc":{"start":{"line":4,"column":33},"end":{"line":7,"column":null}}}},"branchMap":{},"s":{"0":1,"1":1,"2":1,"3":1,"4":1},"f":{"0":1},"b":{}}
,"/home/avnerh/shopper-test/shopper-app-backend/src/utils/serviceResponse.ts": {"path":"/home/avnerh/shopper-test/shopper-app-backend/src/utils/serviceResponse.ts","statementMap":{"0":{"start":{"line":1,"column":24},"end":{"line":9,"column":2}},"1":{"start":{"line":12,"column":0},"end":{"line":12,"column":31}}},"fnMap":{},"branchMap":{},"s":{"0":1,"1":1},"f":{},"b":{}}
,"/home/avnerh/shopper-test/shopper-app-backend/src/utils/zodSchema.ts": {"path":"/home/avnerh/shopper-test/shopper-app-backend/src/utils/zodSchema.ts","statementMap":{"0":{"start":{"line":1,"column":0},"end":{"line":1,"column":20}},"1":{"start":{"line":3,"column":13},"end":{"line":9,"column":3}},"2":{"start":{"line":6,"column":42},"end":{"line":6,"column":79}},"3":{"start":{"line":11,"column":13},"end":{"line":11,"column":57}}},"fnMap":{"0":{"name":"(anonymous_1)","decl":{"start":{"line":6,"column":33},"end":{"line":6,"column":38}},"loc":{"start":{"line":6,"column":42},"end":{"line":6,"column":79}}}},"branchMap":{"0":{"loc":{"start":{"line":6,"column":42},"end":{"line":6,"column":79}},"type":"binary-expr","locations":[{"start":{"line":6,"column":42},"end":{"line":6,"column":61}},{"start":{"line":6,"column":65},"end":{"line":6,"column":79}}]}},"s":{"0":1,"1":1,"2":0,"3":1},"f":{"0":0},"b":{"0":[0,0]}}
}
