TN:
SF:src/db.ts
FNF:0
FNH:0
DA:1,3
DA:3,3
DA:10,3
LF:3
LH:3
BRDA:4,0,0,3
BRDA:4,0,1,3
BRDA:5,1,0,3
BRDA:5,1,1,3
BRDA:6,2,0,3
BRDA:6,2,1,3
BRDA:7,3,0,3
BRDA:7,3,1,3
BRF:8
BRH:8
end_of_record
TN:
SF:src/models/pack.model.ts
FN:4,allPacks
FNF:1
FNH:1
FNDA:1,allPacks
DA:1,1
DA:5,1
DA:6,1
DA:10,1
LF:4
LH:4
BRF:0
BRH:0
end_of_record
TN:
SF:src/models/products.model.ts
FN:4,allProducts
FN:9,updateProduct
FNF:2
FNH:2
FNDA:1,allProducts
FNDA:1,updateProduct
DA:1,2
DA:5,1
DA:6,1
DA:10,1
DA:11,1
DA:15,2
LF:6
LH:6
BRF:0
BRH:0
end_of_record
TN:
SF:src/services/products.service.ts
FN:4,allProducts
FNF:1
FNH:1
FNDA:1,allProducts
DA:1,1
DA:2,1
DA:4,1
DA:5,1
DA:6,1
LF:5
LH:5
BRF:0
BRH:0
end_of_record
TN:
SF:src/utils/serviceResponse.ts
FNF:0
FNH:0
DA:1,1
DA:12,1
LF:2
LH:2
BRF:0
BRH:0
end_of_record
TN:
SF:src/utils/zodSchema.ts
FN:6,(anonymous_1)
FNF:1
FNH:0
FNDA:0,(anonymous_1)
DA:1,1
DA:3,1
DA:6,0
DA:11,1
LF:4
LH:3
BRDA:6,0,0,0
BRDA:6,0,1,0
BRF:2
BRH:0
end_of_record
